Using pre-set license
Built from '2020.2/staging' branch; Version is '2020.2.3f1 (8ff31bc5bf5b) revision 9433883'; Using compiler version '192528614'; Build Type 'Release'
OS: 'Windows 10 Pro; OS build 18363.1440; Version 1909; 64bit' Language: 'en' Physical Memory: 12169 MB
BatchMode: 1, IsHumanControllingUs: 0, StartBugReporterOnCrash: 0, Is64bit: 1, IsPro: 0

 COMMAND LINE ARGUMENTS:
D:\Unity\2020.2.3f1\Editor\Unity.exe
-adb2
-batchMode
-noUpm
-name
AssetImportWorker0
-projectPath
D:/Unity/VisibleBody
-logFile
Logs/AssetImportWorker0.log
-srvPort
34943
Successfully changed project path to: D:/Unity/VisibleBody
D:/Unity/VisibleBody
Using Asset Import Pipeline V2.
Refreshing native plugins compatible for Editor in 127.18 ms, found 0 plugins.
Preloading 0 native plugins for Editor in 0.00 ms.
Initialize engine version: 2020.2.3f1 (8ff31bc5bf5b)
[Subsystems] Discovering subsystems at path D:/Unity/2020.2.3f1/Editor/Data/Resources/UnitySubsystems
[Subsystems] Discovering subsystems at path D:/Unity/VisibleBody/Assets
GfxDevice: creating device client; threaded=0
Direct3D:
    Version:  Direct3D 11.0 [level 11.1]
    Renderer: Intel(R) UHD Graphics 620 (ID=0x5917)
    Vendor:   
    VRAM:     6084 MB
    Driver:   26.20.100.7263
Initialize mono
Mono path[0] = 'D:/Unity/2020.2.3f1/Editor/Data/Managed'
Mono path[1] = 'D:/Unity/2020.2.3f1/Editor/Data/MonoBleedingEdge/lib/mono/unityjit'
Mono config path = 'D:/Unity/2020.2.3f1/Editor/Data/MonoBleedingEdge/etc'
Using monoOptions --debugger-agent=transport=dt_socket,embedding=1,server=y,suspend=n,address=127.0.0.1:56064
Begin MonoManager ReloadAssembly
Registering precompiled unity dll's ...
Register platform support module: D:/Unity/2020.2.3f1/Editor/Data/PlaybackEngines/WindowsStandaloneSupport/UnityEditor.WindowsStandalone.Extensions.dll
Registered in 0.002236 seconds.
Native extension for WindowsStandalone target not found
Refreshing native plugins compatible for Editor in 77.63 ms, found 0 plugins.
Preloading 0 native plugins for Editor in 0.00 ms.
Invoked RoslynAnalysisRunner static constructor.
RoslynAnalysisRunner will not be running.
RoslynAnalysisRunner has terminated.
Mono: successfully reloaded assembly
- Completed reload, in  3.085 seconds
Platform modules already initialized, skipping
Registering precompiled user dll's ...
Registered in 0.001405 seconds.
Begin MonoManager ReloadAssembly
Native extension for WindowsStandalone target not found
Refreshing native plugins compatible for Editor in 0.73 ms, found 0 plugins.
Preloading 0 native plugins for Editor in 0.00 ms.
Invoked RoslynAnalysisRunner static constructor.
RoslynAnalysisRunner will not be running.
RoslynAnalysisRunner has terminated.
Mono: successfully reloaded assembly
- Completed reload, in  2.346 seconds
Platform modules already initialized, skipping
========================================================================
Worker process is ready to serve import requests
Launched and connected shader compiler UnityShaderCompiler.exe after 0.11 seconds
Refreshing native plugins compatible for Editor in 1.14 ms, found 0 plugins.
Preloading 0 native plugins for Editor in 0.00 ms.
Unloading 1528 Unused Serialized files (Serialized files now loaded: 0)
System memory in use before: 71.7 MB.
System memory in use after: 71.7 MB.

Unloading 16 unused Assets to reduce memory usage. Loaded Objects now: 1965.
Total: 4.173400 ms (FindLiveObjects: 0.319400 ms CreateObjectMapping: 0.127300 ms MarkObjects: 3.489700 ms  DeleteObjects: 0.234900 ms)

========================================================================
Received Import Request.
  path: Assets/Scripts/OrganDetail/InteractionModeTrigger.cs
  artifactKey: Guid(21d3e2890778cfc4396f5fa33b1fc3e1) Importer(815301076,1909f56bfc062723c751e8b465ee728b)
Start importing Assets/Scripts/OrganDetail/InteractionModeTrigger.cs using Guid(21d3e2890778cfc4396f5fa33b1fc3e1) Importer(815301076,1909f56bfc062723c751e8b465ee728b)  -> (artifact id: '82b72b477e68b46cbdbd7db9fb83c71b') in 0.089576 seconds
  Import took 0.099047 seconds .

========================================================================
Received Import Request.
  Time since last request: 520.425617 seconds.
  path: Assets/Scripts/OrganDetail/InteractionModeTrigger.cs
  artifactKey: Guid(21d3e2890778cfc4396f5fa33b1fc3e1) Importer(815301076,1909f56bfc062723c751e8b465ee728b)
Start importing Assets/Scripts/OrganDetail/InteractionModeTrigger.cs using Guid(21d3e2890778cfc4396f5fa33b1fc3e1) Importer(815301076,1909f56bfc062723c751e8b465ee728b)  -> (artifact id: '9ee4debdbd70ecbbf8cb750b7e2be9da') in 0.007490 seconds
  Import took 0.017705 seconds .

========================================================================
Received Import Request.
  Time since last request: 831.997229 seconds.
  path: Assets/Scripts/OrganDetail/InteractionModeTrigger.cs
  artifactKey: Guid(21d3e2890778cfc4396f5fa33b1fc3e1) Importer(815301076,1909f56bfc062723c751e8b465ee728b)
Start importing Assets/Scripts/OrganDetail/InteractionModeTrigger.cs using Guid(21d3e2890778cfc4396f5fa33b1fc3e1) Importer(815301076,1909f56bfc062723c751e8b465ee728b)  -> (artifact id: 'b70a93016007477ddf14a988f2c77027') in 0.009765 seconds
  Import took 0.021729 seconds .

========================================================================
Received Import Request.
  Time since last request: 15.363595 seconds.
  path: Assets/Scripts/OrganDetail/InteractionModeTrigger.cs
  artifactKey: Guid(21d3e2890778cfc4396f5fa33b1fc3e1) Importer(815301076,1909f56bfc062723c751e8b465ee728b)
Start importing Assets/Scripts/OrganDetail/InteractionModeTrigger.cs using Guid(21d3e2890778cfc4396f5fa33b1fc3e1) Importer(815301076,1909f56bfc062723c751e8b465ee728b)  -> (artifact id: '9e574d1bc4fcdd329f4529a1d563ff79') in 0.004219 seconds
  Import took 0.009845 seconds .

========================================================================
Received Import Request.
  Time since last request: 435.974305 seconds.
  path: Assets/Scripts/OrganDetail/InteractionModeTrigger.cs
  artifactKey: Guid(21d3e2890778cfc4396f5fa33b1fc3e1) Importer(815301076,1909f56bfc062723c751e8b465ee728b)
Start importing Assets/Scripts/OrganDetail/InteractionModeTrigger.cs using Guid(21d3e2890778cfc4396f5fa33b1fc3e1) Importer(815301076,1909f56bfc062723c751e8b465ee728b)  -> (artifact id: '652d07b42de2d10d9dd0c32c852961c3') in 0.009842 seconds
  Import took 0.020372 seconds .

========================================================================
Received Import Request.
  Time since last request: 14.033126 seconds.
  path: Assets/Scripts/OrganDetail/InteractionModeTrigger.cs
  artifactKey: Guid(21d3e2890778cfc4396f5fa33b1fc3e1) Importer(815301076,1909f56bfc062723c751e8b465ee728b)
Start importing Assets/Scripts/OrganDetail/InteractionModeTrigger.cs using Guid(21d3e2890778cfc4396f5fa33b1fc3e1) Importer(815301076,1909f56bfc062723c751e8b465ee728b)  -> (artifact id: '28fbcbca63ee3b536c9bf4c25dd2cf4e') in 0.008953 seconds
  Import took 0.023527 seconds .

========================================================================
Received Import Request.
  Time since last request: 64.269957 seconds.
  path: Assets/Scripts/OrganDetail/InteractionModeTrigger.cs
  artifactKey: Guid(21d3e2890778cfc4396f5fa33b1fc3e1) Importer(815301076,1909f56bfc062723c751e8b465ee728b)
Start importing Assets/Scripts/OrganDetail/InteractionModeTrigger.cs using Guid(21d3e2890778cfc4396f5fa33b1fc3e1) Importer(815301076,1909f56bfc062723c751e8b465ee728b)  -> (artifact id: '3de2c8895e3a0df6f7ed8e27c9ce2ce7') in 0.006330 seconds
  Import took 0.017141 seconds .

========================================================================
Received Import Request.
  Time since last request: 1167.700127 seconds.
  path: Assets/Scripts/OrganDetail/InteractionModeTrigger.cs
  artifactKey: Guid(21d3e2890778cfc4396f5fa33b1fc3e1) Importer(815301076,1909f56bfc062723c751e8b465ee728b)
Start importing Assets/Scripts/OrganDetail/InteractionModeTrigger.cs using Guid(21d3e2890778cfc4396f5fa33b1fc3e1) Importer(815301076,1909f56bfc062723c751e8b465ee728b)  -> (artifact id: '85b95d1894d39f1344ff7849ac42cafc') in 0.002898 seconds
  Import took 0.007783 seconds .

========================================================================
Received Import Request.
  Time since last request: 17.308315 seconds.
  path: Assets/Scripts/OrganDetail/InteractionModeTrigger23.cs
  artifactKey: Guid(21d3e2890778cfc4396f5fa33b1fc3e1) Importer(815301076,1909f56bfc062723c751e8b465ee728b)
Start importing Assets/Scripts/OrganDetail/InteractionModeTrigger23.cs using Guid(21d3e2890778cfc4396f5fa33b1fc3e1) Importer(815301076,1909f56bfc062723c751e8b465ee728b)  -> (artifact id: '3aca854d4299cf06fae78a10ab2e4119') in 0.008816 seconds
  Import took 0.013100 seconds .

AssetImportWorkerClient::OnTransportError - code=2 error=End of file
